{
  "stats": {
    "suites": 0,
    "tests": 2,
    "passes": 2,
    "pending": 0,
    "failures": 0,
    "start": "2021-09-06T16:35:58.142Z",
    "end": "2021-09-06T16:35:59.013Z",
    "duration": 871,
    "testsRegistered": 2,
    "passPercent": 100,
    "pendingPercent": 0,
    "other": 0,
    "hasOther": false,
    "skipped": 0,
    "hasSkipped": false
  },
  "results": [
    {
      "uuid": "279a6c0c-0242-4dde-a734-0508c701be51",
      "title": "",
      "fullFile": "cypress/integration/3-Training/Ejemplo1-prueba API.js",
      "file": "cypress/integration/3-Training/Ejemplo1-prueba API.js",
      "beforeHooks": [],
      "afterHooks": [],
      "tests": [
        {
          "title": "returns JSON",
          "fullTitle": "returns JSON",
          "timedOut": null,
          "duration": 631,
          "state": "passed",
          "speed": "slow",
          "pass": true,
          "fail": false,
          "pending": false,
          "context": null,
          "code": "cy.request('breeds/image/random').its('headers').its('content-type').should('include', 'application/json');",
          "err": {},
          "uuid": "faedcb43-c2ef-4a1a-9bac-247a1706b4c4",
          "parentUUID": "279a6c0c-0242-4dde-a734-0508c701be51",
          "isHook": false,
          "skipped": false
        },
        {
          "title": "Validate the status",
          "fullTitle": "Validate the status",
          "timedOut": null,
          "duration": 217,
          "state": "passed",
          "speed": "slow",
          "pass": true,
          "fail": false,
          "pending": false,
          "context": null,
          "code": "cy.request('breeds/image/random').its('status').should('equal', 200);",
          "err": {},
          "uuid": "6a4911e1-1f4b-4261-a4da-9684e450d791",
          "parentUUID": "279a6c0c-0242-4dde-a734-0508c701be51",
          "isHook": false,
          "skipped": false
        }
      ],
      "suites": [],
      "passes": [
        "faedcb43-c2ef-4a1a-9bac-247a1706b4c4",
        "6a4911e1-1f4b-4261-a4da-9684e450d791"
      ],
      "failures": [],
      "pending": [],
      "skipped": [],
      "duration": 848,
      "root": true,
      "rootEmpty": false,
      "_timeout": 2000
    }
  ],
  "meta": {
    "mocha": {
      "version": "7.0.1"
    },
    "mochawesome": {
      "options": {
        "quiet": true,
        "reportFilename": "mochawesome",
        "saveHtml": false,
        "saveJson": true,
        "consoleReporter": "spec",
        "useInlineDiffs": false,
        "code": true
      },
      "version": "6.2.2"
    },
    "marge": {
      "options": {
        "id": "default",
        "reportDir": "mochawesome-report/",
        "quiet": true,
        "overwrite": false,
        "html": false,
        "json": true
      },
      "version": "5.2.0"
    }
  }
}