{
  "stats": {
    "suites": 1,
    "tests": 1,
    "passes": 1,
    "pending": 0,
    "failures": 0,
    "start": "2021-09-06T16:36:02.349Z",
    "end": "2021-09-06T16:36:07.538Z",
    "duration": 5189,
    "testsRegistered": 1,
    "passPercent": 100,
    "pendingPercent": 0,
    "other": 0,
    "hasOther": false,
    "skipped": 0,
    "hasSkipped": false
  },
  "results": [
    {
      "uuid": "cc0386cc-fd70-40ae-ade1-afac6a59fb2e",
      "title": "",
      "fullFile": "cypress/integration/3-Training/Ejemplo2-Prueba E2E.js",
      "file": "cypress/integration/3-Training/Ejemplo2-Prueba E2E.js",
      "beforeHooks": [],
      "afterHooks": [],
      "tests": [],
      "suites": [
        {
          "uuid": "91f808cd-2c7a-405c-861a-f03fcfa4efd9",
          "title": " Test",
          "fullFile": "",
          "file": "",
          "beforeHooks": [],
          "afterHooks": [],
          "tests": [
            {
              "title": "Visits the Apiumhub Site",
              "fullTitle": " Test Visits the Apiumhub Site",
              "timedOut": null,
              "duration": 2079,
              "state": "passed",
              "speed": "slow",
              "pass": true,
              "fail": false,
              "pending": false,
              "context": null,
              "code": "cy.visit('https://apiumhub.com');\ncy.get('.dropdown-toggle').contains('About');",
              "err": {},
              "uuid": "023d43d6-b5c0-45e0-a4df-46149fec6114",
              "parentUUID": "91f808cd-2c7a-405c-861a-f03fcfa4efd9",
              "isHook": false,
              "skipped": false
            }
          ],
          "suites": [],
          "passes": [
            "023d43d6-b5c0-45e0-a4df-46149fec6114"
          ],
          "failures": [],
          "pending": [],
          "skipped": [],
          "duration": 2079,
          "root": false,
          "rootEmpty": false,
          "_timeout": 2000
        }
      ],
      "passes": [],
      "failures": [],
      "pending": [],
      "skipped": [],
      "duration": 0,
      "root": true,
      "rootEmpty": true,
      "_timeout": 2000
    }
  ],
  "meta": {
    "mocha": {
      "version": "7.0.1"
    },
    "mochawesome": {
      "options": {
        "quiet": true,
        "reportFilename": "mochawesome",
        "saveHtml": false,
        "saveJson": true,
        "consoleReporter": "spec",
        "useInlineDiffs": false,
        "code": true
      },
      "version": "6.2.2"
    },
    "marge": {
      "options": {
        "id": "default",
        "reportDir": "mochawesome-report/",
        "quiet": true,
        "overwrite": false,
        "html": false,
        "json": true
      },
      "version": "5.2.0"
    }
  }
}